C51 COMPILER V9.60.0.0   MERGEPROJECT                                                      01/26/2023 22:02:33 PAGE 1   


C51 COMPILER V9.60.0.0, COMPILATION OF MODULE MERGEPROJECT
OBJECT MODULE PLACED IN .\Objects\mergeproject.obj
COMPILER INVOKED BY: C:\Keil_v5\C51\BIN\C51.EXE mergeproject.c OPTIMIZE(8,SPEED) BROWSE DEBUG OBJECTEXTEND PRINT(.\Listi
                    -ngs\mergeproject.lst) TABS(2) OBJECT(.\Objects\mergeproject.obj)

line level    source

   1          #include<reg51.h>
   2          #include <stdio.h>
   3          #include <string.h>
   4          sbit red=P1^0;
   5          sbit yellow=P1^1;
   6          sbit green=P1^2;
   7          
   8          sbit rs=P1^3;
   9          sbit rw=P1^4;
  10          sbit en=P1^5;
  11          void delay2();
  12            void lcdcmd(unsigned char val);
  13            void lcddata(unsigned char val);
  14            void displayInstruction(int count);
  15          int j;
  16          char go[] = "GO";
  17          char wait[] = "WAIT";
  18          char stop[] = "STOP";
  19          
  20          void ssd_delay(int y); 
  21          
  22          void main(){
  23   1        
  24   1        red=yellow=green=0;
  25   1        while(1){
  26   2          displayInstruction(1);
  27   2          red=1;
  28   2          ssd_delay(1);
  29   2          red=0;
  30   2          yellow=1;
  31   2          displayInstruction(2);
  32   2          ssd_delay(1);
  33   2          yellow=0;
  34   2          green=1;
  35   2          displayInstruction(3);
  36   2          ssd_delay(1);
  37   2          green=0;
  38   2        }
  39   1      }
  40          void ssd_delay(int y){
  41   1        unsigned char
  42   1        ssd[10]={0xc0,0xf9,0xa4,0xb0,0x99,0x92,0x82,0xf8,0x80,0x90};
  43   1        unsigned char x;
  44   1        unsigned int i,j;
  45   1      
  46   1      
  47   1          for(x=0;x<=y;x++){
  48   2          //P3=ssd[x];
  49   2          for(i=0;i<25000;i++);
  50   2            for(j=0;j<=9;j++){
  51   3              P2=ssd[j];
  52   3              for(i=0;i<25000;i++);
  53   3              if(j==9)
  54   3                P2=ssd[0];
C51 COMPILER V9.60.0.0   MERGEPROJECT                                                      01/26/2023 22:02:33 PAGE 2   

  55   3              
  56   3            }
  57   2          }
  58   1      }
  59          
  60          void delay2(){
  61   1      
  62   1          unsigned int i;
  63   1          for(i=0;i<5000;i++);
  64   1      }
  65          
  66          void lcdcmd(unsigned char val){
  67   1          P3=val;
  68   1          rs=0;
  69   1          rw=0;
  70   1          en=1;
  71   1          delay2();
  72   1          en=0;
  73   1      }
  74          
  75          void lcddata(unsigned char val){
  76   1          P3=val;
  77   1          rs=1;
  78   1          rw=0;
  79   1          en=1;
  80   1          delay2();
  81   1          en=0;
  82   1      }
  83          
  84          void displayInstruction(int count)
  85          {
  86   1        lcdcmd(0x01);
  87   1        lcdcmd(0x38);delay2();
  88   1        lcdcmd(0x80);delay2();
  89   1        lcdcmd(0x0C);delay2();
  90   1       
  91   1        
  92   1        
  93   1        
  94   1          if(count==1){
  95   2          lcdcmd(0xC0);delay2();
  96   2              for(j = 0; j < strlen(go); j++) {
  97   3                lcddata(go[j]);delay2();
  98   3              }
  99   2          } 
 100   1          if(count==2){
 101   2          lcdcmd(0xC0);delay2();
 102   2              for(j = 0; j < strlen(wait); j++) {
 103   3                lcddata(wait[j]);delay2();
 104   3              }
 105   2          } 
 106   1          if(count==3){
 107   2          lcdcmd(0xC0);delay2();
 108   2              for(j = 0; j < strlen(stop); j++) {
 109   3                lcddata(stop[j]);delay2();
 110   3              }
 111   2          } 
 112   1      }


MODULE INFORMATION:   STATIC OVERLAYABLE
   CODE SIZE        =    398    ----
C51 COMPILER V9.60.0.0   MERGEPROJECT                                                      01/26/2023 22:02:33 PAGE 3   

   CONSTANT SIZE    =     10    ----
   XDATA SIZE       =   ----    ----
   PDATA SIZE       =   ----    ----
   DATA SIZE        =     15      14
   IDATA SIZE       =   ----    ----
   BIT SIZE         =   ----    ----
END OF MODULE INFORMATION.


C51 COMPILATION COMPLETE.  0 WARNING(S),  0 ERROR(S)
