C51 COMPILER V9.60.0.0   SSEGMENT                                                          01/24/2023 21:00:43 PAGE 1   


C51 COMPILER V9.60.0.0, COMPILATION OF MODULE SSEGMENT
OBJECT MODULE PLACED IN .\Objects\ssegment.obj
COMPILER INVOKED BY: C:\Keil_v5\C51\BIN\C51.EXE ssegment.c OPTIMIZE(8,SPEED) BROWSE DEBUG OBJECTEXTEND PRINT(.\Listings\
                    -ssegment.lst) TABS(2) OBJECT(.\Objects\ssegment.obj)

line level    source

   1          #include<reg51.h>
   2          void main ()
   3          {
   4   1        unsigned char
   5   1          seg[10]={0xc0,0xf9,0xa4,0xb0,0x99,0x92,0x82,0xf8,0x80,0x90};
   6   1          unsigned char x;
   7   1          unsigned int i;
   8   1          P2=0x00;
   9   1          while(1)
  10   1          {
  11   2            for(x=0;x<10;x++)
  12   2            {
  13   3              P2=seg[x];
  14   3              for(i=0;i<50000;i++);
  15   3            }
  16   2          }
  17   1      }


MODULE INFORMATION:   STATIC OVERLAYABLE
   CODE SIZE        =     73    ----
   CONSTANT SIZE    =     10    ----
   XDATA SIZE       =   ----    ----
   PDATA SIZE       =   ----    ----
   DATA SIZE        =   ----      11
   IDATA SIZE       =   ----    ----
   BIT SIZE         =   ----    ----
END OF MODULE INFORMATION.


C51 COMPILATION COMPLETE.  0 WARNING(S),  0 ERROR(S)
